<?xml version="1.0" encoding="UTF-8"?>
<!-- Generated by org.testng.reporters.JUnitReportReporter -->
<testsuite hostname="Vipin-PC" failures="0" tests="3" name="com.crm.qa.testcases.LoginPageTest" time="74.080" errors="0" timestamp="2024-08-22T16:23:53 IST" skipped="0">
  <testcase classname="com.crm.qa.testcases.LoginPageTest" name="loginPageTitleTest" time="21.482"/>
  <testcase classname="com.crm.qa.testcases.LoginPageTest" name="crmLogoImageTest" time="19.764"/>
  <testcase classname="com.crm.qa.testcases.LoginPageTest" name="loginTest" time="32.834"/>
</testsuite> <!-- com.crm.qa.testcases.LoginPageTest -->
