<?xml version="1.0" encoding="UTF-8"?>
<!-- Generated by org.testng.reporters.JUnitReportReporter -->
<testsuite hostname="Vipin-PC" failures="0" tests="5" name="com.crm.qa.testcases.HomePageTest" time="117.197" errors="0" timestamp="2024-08-22T14:54:09 IST" skipped="2">
  <testcase classname="com.crm.qa.testcases.HomePageTest" name="verifyHomePageTitleTest" time="48.760"/>
  <testcase classname="com.crm.qa.testcases.HomePageTest" name="verifyUserNameTest" time="34.213"/>
  <testcase classname="com.crm.qa.testcases.HomePageTest" name="verifyContactLinkTest" time="34.224"/>
  <testcase classname="com.crm.qa.testcases.HomePageTest" name="verifyTasksLinkTest">
    <skipped/>
  </testcase> <!-- verifyTasksLinkTest -->
  <testcase classname="com.crm.qa.testcases.HomePageTest" name="verifyDealsLinkTest">
    <skipped/>
  </testcase> <!-- verifyDealsLinkTest -->
</testsuite> <!-- com.crm.qa.testcases.HomePageTest -->
