<?xml version="1.0" encoding="UTF-8"?>
<!-- Generated by org.testng.reporters.JUnitReportReporter -->
<testsuite hostname="Vipin-PC" failures="0" tests="3" name="com.crm.qa.testcases.LoginPageTest" time="64.315" errors="0" timestamp="2024-08-22T13:57:59 IST" skipped="0">
  <testcase classname="com.crm.qa.testcases.LoginPageTest" name="loginPageTitleTest" time="15.782"/>
  <testcase classname="com.crm.qa.testcases.LoginPageTest" name="crmLogoImageTest" time="18.577"/>
  <testcase classname="com.crm.qa.testcases.LoginPageTest" name="loginTest" time="29.956"/>
</testsuite> <!-- com.crm.qa.testcases.LoginPageTest -->
