<?xml version="1.0" encoding="UTF-8"?>
<!-- Generated by org.testng.reporters.JUnitReportReporter -->
<testsuite hostname="Vipin-PC" failures="0" tests="5" name="com.crm.qa.testcases.HomePageTest" time="100.401" errors="0" timestamp="2024-08-22T13:57:58 IST" skipped="2">
  <testcase classname="com.crm.qa.testcases.HomePageTest" name="verifyHomePageTitleTest" time="37.048"/>
  <testcase classname="com.crm.qa.testcases.HomePageTest" name="verifyUserNameTest" time="30.159"/>
  <testcase classname="com.crm.qa.testcases.HomePageTest" name="verifyContactLinkTest" time="33.194"/>
  <testcase classname="com.crm.qa.testcases.HomePageTest" name="verifyTasksLinkTest">
    <skipped/>
  </testcase> <!-- verifyTasksLinkTest -->
  <testcase classname="com.crm.qa.testcases.HomePageTest" name="verifyDealsLinkTest">
    <skipped/>
  </testcase> <!-- verifyDealsLinkTest -->
</testsuite> <!-- com.crm.qa.testcases.HomePageTest -->
